nelec_alpha = 5
nelec_beta  = 5
iter =   0, elec_energy = -67.341050485383, err_energy =  6.7341e+01
iter =   1, elec_energy = -97.162634381270, err_energy =  2.9822e+01
iter =   2, elec_energy = -73.825744532446, err_energy =  2.3337e+01
iter =   3, elec_energy = -91.947016988636, err_energy =  1.8121e+01
iter =   4, elec_energy = -78.072570835881, err_energy =  1.3874e+01
iter =   5, elec_energy = -88.404074042299, err_energy =  1.0332e+01
iter =   6, elec_energy = -80.875867165264, err_energy =  7.5282e+00
iter =   7, elec_energy = -86.250288627181, err_energy =  5.3744e+00
iter =   8, elec_energy = -82.443090566614, err_energy =  3.8072e+00
iter =   9, elec_energy = -85.114046573657, err_energy =  2.6710e+00
iter =  10, elec_energy = -83.242549868934, err_energy =  1.8715e+00
iter =  11, elec_energy = -84.548669215645, err_energy =  1.3061e+00
iter =  12, elec_energy = -83.636861616576, err_energy =  9.1181e-01
iter =  13, elec_energy = -84.272396197015, err_energy =  6.3553e-01
iter =  14, elec_energy = -83.829249613845, err_energy =  4.4315e-01
iter =  15, elec_energy = -84.138048006767, err_energy =  3.0880e-01
iter =  16, elec_energy = -83.922810980604, err_energy =  2.1524e-01
iter =  17, elec_energy = -84.072792029465, err_energy =  1.4998e-01
iter =  18, elec_energy = -83.968266905169, err_energy =  1.0453e-01
iter =  19, elec_energy = -84.041103222724, err_energy =  7.2836e-02
iter =  20, elec_energy = -83.990344545989, err_energy =  5.0759e-02
iter =  21, elec_energy = -84.025715330224, err_energy =  3.5371e-02
iter =  22, elec_energy = -84.001066420692, err_energy =  2.4649e-02
iter =  23, elec_energy = -84.018242995202, err_energy =  1.7177e-02
iter =  24, elec_energy = -84.006273239064, err_energy =  1.1970e-02
iter =  25, elec_energy = -84.014614403188, err_energy =  8.3412e-03
iter =  26, elec_energy = -84.008801764680, err_energy =  5.8126e-03
iter =  27, elec_energy = -84.012852333866, err_energy =  4.0506e-03
iter =  28, elec_energy = -84.010029653962, err_energy =  2.8227e-03
iter =  29, elec_energy = -84.011996657382, err_energy =  1.9670e-03
iter =  30, elec_energy = -84.010625933025, err_energy =  1.3707e-03
iter =  31, elec_energy = -84.011581132370, err_energy =  9.5520e-04
iter =  32, elec_energy = -84.010915493412, err_energy =  6.6564e-04
iter =  33, elec_energy = -84.011379349045, err_energy =  4.6386e-04
iter =  34, elec_energy = -84.011056107340, err_energy =  3.2324e-04
iter =  35, elec_energy = -84.011281360872, err_energy =  2.2525e-04
iter =  36, elec_energy = -84.011124391082, err_energy =  1.5697e-04
iter =  37, elec_energy = -84.011233776735, err_energy =  1.0939e-04
iter =  38, elec_energy = -84.011157550445, err_energy =  7.6226e-05
iter =  39, elec_energy = -84.011210669348, err_energy =  5.3119e-05
iter =  40, elec_energy = -84.011173653007, err_energy =  3.7016e-05
iter =  41, elec_energy = -84.011199448144, err_energy =  2.5795e-05
iter =  42, elec_energy = -84.011181472593, err_energy =  1.7976e-05
iter =  43, elec_energy = -84.011193999001, err_energy =  1.2526e-05
iter =  44, elec_energy = -84.011185269871, err_energy =  8.7291e-06
iter =  45, elec_energy = -84.011191352836, err_energy =  6.0830e-06
iter =  46, elec_energy = -84.011187113873, err_energy =  4.2390e-06
iter =  47, elec_energy = -84.011190067829, err_energy =  2.9540e-06
iter =  48, elec_energy = -84.011188009340, err_energy =  2.0585e-06
iter =  49, elec_energy = -84.011189443815, err_energy =  1.4345e-06
iter =  50, elec_energy = -84.011188444190, err_energy =  9.9963e-07
iter =  51, elec_energy = -84.011189140786, err_energy =  6.9660e-07
iter =  52, elec_energy = -84.011188655357, err_energy =  4.8543e-07
iter =  53, elec_energy = -84.011188993632, err_energy =  3.3828e-07
iter =  54, elec_energy = -84.011188757903, err_energy =  2.3573e-07
iter =  55, elec_energy = -84.011188922173, err_energy =  1.6427e-07
iter =  56, elec_energy = -84.011188807700, err_energy =  1.1447e-07
iter =  57, elec_energy = -84.011188887471, err_energy =  7.9771e-08
iter =  58, elec_energy = -84.011188831882, err_energy =  5.5589e-08
iter =  59, elec_energy = -84.011188870620, err_energy =  3.8738e-08
iter =  60, elec_energy = -84.011188843625, err_energy =  2.6995e-08
iter =  61, elec_energy = -84.011188862437, err_energy =  1.8812e-08
iter =  62, elec_energy = -84.011188849328, err_energy =  1.3109e-08
iter =  63, elec_energy = -84.011188858463, err_energy =  9.1353e-09
iter =  64, elec_energy = -84.011188852097, err_energy =  6.3660e-09
