nelec_alpha = 5
nelec_beta  = 5
iter =   0, elec_energy = -67.34105049, err_energy =  6.7341e+01
iter =   1, elec_energy = -97.16263438, err_energy =  2.9822e+01
iter =   2, elec_energy = -73.82574453, err_energy =  2.3337e+01
iter =   3, elec_energy = -91.94701699, err_energy =  1.8121e+01
iter =   4, elec_energy = -78.07257084, err_energy =  1.3874e+01
iter =   5, elec_energy = -88.40407404, err_energy =  1.0332e+01
iter =   6, elec_energy = -80.87586717, err_energy =  7.5282e+00
iter =   7, elec_energy = -86.25028863, err_energy =  5.3744e+00
iter =   8, elec_energy = -82.44309057, err_energy =  3.8072e+00
iter =   9, elec_energy = -85.11404657, err_energy =  2.6710e+00
iter =  10, elec_energy = -83.24254987, err_energy =  1.8715e+00
iter =  11, elec_energy = -84.54866922, err_energy =  1.3061e+00
iter =  12, elec_energy = -83.63686162, err_energy =  9.1181e-01
iter =  13, elec_energy = -84.27239620, err_energy =  6.3553e-01
iter =  14, elec_energy = -83.82924961, err_energy =  4.4315e-01
iter =  15, elec_energy = -84.13804801, err_energy =  3.0880e-01
iter =  16, elec_energy = -83.92281098, err_energy =  2.1524e-01
iter =  17, elec_energy = -84.07279203, err_energy =  1.4998e-01
iter =  18, elec_energy = -83.96826691, err_energy =  1.0453e-01
iter =  19, elec_energy = -84.04110322, err_energy =  7.2836e-02
iter =  20, elec_energy = -83.99034455, err_energy =  5.0759e-02
iter =  21, elec_energy = -84.02571533, err_energy =  3.5371e-02
iter =  22, elec_energy = -84.00106642, err_energy =  2.4649e-02
iter =  23, elec_energy = -84.01824300, err_energy =  1.7177e-02
iter =  24, elec_energy = -84.00627324, err_energy =  1.1970e-02
iter =  25, elec_energy = -84.01461440, err_energy =  8.3412e-03
iter =  26, elec_energy = -84.00880176, err_energy =  5.8126e-03
iter =  27, elec_energy = -84.01285233, err_energy =  4.0506e-03
iter =  28, elec_energy = -84.01002965, err_energy =  2.8227e-03
iter =  29, elec_energy = -84.01199666, err_energy =  1.9670e-03
iter =  30, elec_energy = -84.01062593, err_energy =  1.3707e-03
iter =  31, elec_energy = -84.01158113, err_energy =  9.5520e-04
iter =  32, elec_energy = -84.01091549, err_energy =  6.6564e-04
iter =  33, elec_energy = -84.01137935, err_energy =  4.6386e-04
iter =  34, elec_energy = -84.01105611, err_energy =  3.2324e-04
iter =  35, elec_energy = -84.01128136, err_energy =  2.2525e-04
iter =  36, elec_energy = -84.01112439, err_energy =  1.5697e-04
iter =  37, elec_energy = -84.01123378, err_energy =  1.0939e-04
iter =  38, elec_energy = -84.01115755, err_energy =  7.6226e-05
iter =  39, elec_energy = -84.01121067, err_energy =  5.3119e-05
iter =  40, elec_energy = -84.01117365, err_energy =  3.7016e-05
iter =  41, elec_energy = -84.01119945, err_energy =  2.5795e-05
iter =  42, elec_energy = -84.01118147, err_energy =  1.7976e-05
iter =  43, elec_energy = -84.01119400, err_energy =  1.2526e-05
iter =  44, elec_energy = -84.01118527, err_energy =  8.7291e-06
iter =  45, elec_energy = -84.01119135, err_energy =  6.0830e-06
iter =  46, elec_energy = -84.01118711, err_energy =  4.2390e-06
iter =  47, elec_energy = -84.01119007, err_energy =  2.9540e-06
iter =  48, elec_energy = -84.01118801, err_energy =  2.0585e-06
iter =  49, elec_energy = -84.01118944, err_energy =  1.4345e-06
iter =  50, elec_energy = -84.01118844, err_energy =  9.9963e-07
iter =  51, elec_energy = -84.01118914, err_energy =  6.9660e-07
iter =  52, elec_energy = -84.01118866, err_energy =  4.8543e-07
iter =  53, elec_energy = -84.01118899, err_energy =  3.3828e-07
iter =  54, elec_energy = -84.01118876, err_energy =  2.3573e-07
iter =  55, elec_energy = -84.01118892, err_energy =  1.6427e-07
iter =  56, elec_energy = -84.01118881, err_energy =  1.1447e-07
iter =  57, elec_energy = -84.01118889, err_energy =  7.9771e-08
iter =  58, elec_energy = -84.01118883, err_energy =  5.5589e-08
iter =  59, elec_energy = -84.01118887, err_energy =  3.8738e-08
iter =  60, elec_energy = -84.01118884, err_energy =  2.6995e-08
iter =  61, elec_energy = -84.01118886, err_energy =  1.8812e-08
iter =  62, elec_energy = -84.01118885, err_energy =  1.3109e-08
iter =  63, elec_energy = -84.01118886, err_energy =  9.1353e-09
SCF converged!
SCF energy = -84.01118886
MP2 energy =  -0.22251923
