nelec_alpha = 5
nelec_beta  = 5
iter =   0, elec_energy = -78.286583284740, err_energy =  7.8287e+01
iter =   1, elec_energy = -84.048316253436, err_energy =  5.7617e+00
iter =   2, elec_energy = -82.716965960855, err_energy =  1.3314e+00
iter =   3, elec_energy = -82.987140757002, err_energy =  2.7017e-01
iter =   4, elec_energy = -82.938133187513, err_energy =  4.9008e-02
iter =   5, elec_energy = -82.946271078699, err_energy =  8.1379e-03
iter =   6, elec_energy = -82.944486784914, err_energy =  1.7843e-03
iter =   7, elec_energy = -82.944617252243, err_energy =  1.3047e-04
iter =   8, elec_energy = -82.944503500703, err_energy =  1.1375e-04
iter =   9, elec_energy = -82.944478930626, err_energy =  2.4570e-05
iter =  10, elec_energy = -82.944461627685, err_energy =  1.7303e-05
iter =  11, elec_energy = -82.944454198375, err_energy =  7.4293e-06
iter =  12, elec_energy = -82.944450445051, err_energy =  3.7533e-06
iter =  13, elec_energy = -82.944448661686, err_energy =  1.7834e-06
iter =  14, elec_energy = -82.944447795931, err_energy =  8.6576e-07
iter =  15, elec_energy = -82.944447379017, err_energy =  4.1691e-07
iter =  16, elec_energy = -82.944447177685, err_energy =  2.0133e-07
iter =  17, elec_energy = -82.944447080565, err_energy =  9.7120e-08
iter =  18, elec_energy = -82.944447033699, err_energy =  4.6866e-08
iter =  19, elec_energy = -82.944447011086, err_energy =  2.2613e-08
iter =  20, elec_energy = -82.944447000175, err_energy =  1.0911e-08
iter =  21, elec_energy = -82.944446994911, err_energy =  5.2646e-09
MP2 energy = -0.049149636621
