nelec_alpha = 5
nelec_beta  = 5
iter =   0, elec_energy = -68.85089445, err_energy =  6.8851e+01
iter =   1, elec_energy = -95.90144904, err_energy =  2.7051e+01
iter =   2, elec_energy = -74.58758634, err_energy =  2.1314e+01
iter =   3, elec_energy = -91.27866843, err_energy =  1.6691e+01
iter =   4, elec_energy = -78.53718444, err_energy =  1.2741e+01
iter =   5, elec_energy = -87.99897736, err_energy =  9.4618e+00
iter =   6, elec_energy = -81.09120283, err_energy =  6.9078e+00
iter =   7, elec_energy = -86.06005207, err_energy =  4.9688e+00
iter =   8, elec_energy = -82.50450771, err_energy =  3.5555e+00
iter =   9, elec_energy = -85.03090636, err_energy =  2.5264e+00
iter =  10, elec_energy = -83.23739334, err_energy =  1.7935e+00
iter =  11, elec_energy = -84.50684499, err_energy =  1.2695e+00
iter =  12, elec_energy = -83.60815934, err_energy =  8.9869e-01
iter =  13, elec_energy = -84.24358505, err_energy =  6.3543e-01
iter =  14, elec_energy = -83.79416475, err_energy =  4.4942e-01
iter =  15, elec_energy = -84.11185851, err_energy =  3.1769e-01
iter =  16, elec_energy = -83.88723247, err_energy =  2.2463e-01
iter =  17, elec_energy = -84.04601533, err_energy =  1.5878e-01
iter =  18, elec_energy = -83.93376033, err_energy =  1.1226e-01
iter =  19, elec_energy = -84.01311166, err_energy =  7.9351e-02
iter =  20, elec_energy = -83.95701506, err_energy =  5.6097e-02
iter =  21, elec_energy = -83.99666943, err_energy =  3.9654e-02
iter =  22, elec_energy = -83.96863675, err_energy =  2.8033e-02
iter =  23, elec_energy = -83.98845308, err_energy =  1.9816e-02
iter =  24, elec_energy = -83.97444455, err_energy =  1.4009e-02
iter =  25, elec_energy = -83.98434726, err_energy =  9.9027e-03
iter =  26, elec_energy = -83.97734689, err_energy =  7.0004e-03
iter =  27, elec_energy = -83.98229550, err_energy =  4.9486e-03
iter =  28, elec_energy = -83.97879726, err_energy =  3.4982e-03
iter =  29, elec_energy = -83.98127020, err_energy =  2.4729e-03
iter =  30, elec_energy = -83.97952205, err_energy =  1.7481e-03
iter =  31, elec_energy = -83.98075783, err_energy =  1.2358e-03
iter =  32, elec_energy = -83.97988424, err_energy =  8.7359e-04
iter =  33, elec_energy = -83.98050179, err_energy =  6.1755e-04
iter =  34, elec_energy = -83.98006524, err_energy =  4.3655e-04
iter =  35, elec_energy = -83.98037384, err_energy =  3.0860e-04
iter =  36, elec_energy = -83.98015569, err_energy =  2.1816e-04
iter =  37, elec_energy = -83.98030991, err_energy =  1.5422e-04
iter =  38, elec_energy = -83.98020089, err_energy =  1.0902e-04
iter =  39, elec_energy = -83.98027795, err_energy =  7.7065e-05
iter =  40, elec_energy = -83.98022348, err_energy =  5.4478e-05
iter =  41, elec_energy = -83.98026199, err_energy =  3.8511e-05
iter =  42, elec_energy = -83.98023476, err_energy =  2.7224e-05
iter =  43, elec_energy = -83.98025401, err_energy =  1.9245e-05
iter =  44, elec_energy = -83.98024040, err_energy =  1.3604e-05
iter =  45, elec_energy = -83.98025002, err_energy =  9.6171e-06
iter =  46, elec_energy = -83.98024322, err_energy =  6.7985e-06
iter =  47, elec_energy = -83.98024803, err_energy =  4.8059e-06
iter =  48, elec_energy = -83.98024463, err_energy =  3.3973e-06
iter =  49, elec_energy = -83.98024703, err_energy =  2.4016e-06
iter =  50, elec_energy = -83.98024533, err_energy =  1.6977e-06
iter =  51, elec_energy = -83.98024653, err_energy =  1.2001e-06
iter =  52, elec_energy = -83.98024569, err_energy =  8.4839e-07
iter =  53, elec_energy = -83.98024629, err_energy =  5.9974e-07
iter =  54, elec_energy = -83.98024586, err_energy =  4.2396e-07
iter =  55, elec_energy = -83.98024616, err_energy =  2.9970e-07
iter =  56, elec_energy = -83.98024595, err_energy =  2.1186e-07
iter =  57, elec_energy = -83.98024610, err_energy =  1.4977e-07
iter =  58, elec_energy = -83.98024599, err_energy =  1.0587e-07
iter =  59, elec_energy = -83.98024607, err_energy =  7.4843e-08
iter =  60, elec_energy = -83.98024602, err_energy =  5.2907e-08
iter =  61, elec_energy = -83.98024605, err_energy =  3.7401e-08
iter =  62, elec_energy = -83.98024603, err_energy =  2.6439e-08
iter =  63, elec_energy = -83.98024604, err_energy =  1.8690e-08
iter =  64, elec_energy = -83.98024603, err_energy =  1.3212e-08
iter =  65, elec_energy = -83.98024604, err_energy =  9.3397e-09
SCF converged!
SCF energy = -83.98024604
MP2 energy =  -0.15270988
