nelec_alpha = 5
nelec_beta  = 5
iter =   0, elec_energy = -68.850894452771, err_energy =  6.8851e+01
iter =   1, elec_energy = -95.901449040118, err_energy =  2.7051e+01
iter =   2, elec_energy = -74.587586343950, err_energy =  2.1314e+01
iter =   3, elec_energy = -91.278668433461, err_energy =  1.6691e+01
iter =   4, elec_energy = -78.537184444564, err_energy =  1.2741e+01
iter =   5, elec_energy = -87.998977364321, err_energy =  9.4618e+00
iter =   6, elec_energy = -81.091202826781, err_energy =  6.9078e+00
iter =   7, elec_energy = -86.060052070328, err_energy =  4.9688e+00
iter =   8, elec_energy = -82.504507711263, err_energy =  3.5555e+00
iter =   9, elec_energy = -85.030906363243, err_energy =  2.5264e+00
iter =  10, elec_energy = -83.237393342602, err_energy =  1.7935e+00
iter =  11, elec_energy = -84.506844987724, err_energy =  1.2695e+00
iter =  12, elec_energy = -83.608159340228, err_energy =  8.9869e-01
iter =  13, elec_energy = -84.243585050153, err_energy =  6.3543e-01
iter =  14, elec_energy = -83.794164746828, err_energy =  4.4942e-01
iter =  15, elec_energy = -84.111858514966, err_energy =  3.1769e-01
iter =  16, elec_energy = -83.887232465022, err_energy =  2.2463e-01
iter =  17, elec_energy = -84.046015331432, err_energy =  1.5878e-01
iter =  18, elec_energy = -83.933760325345, err_energy =  1.1226e-01
iter =  19, elec_energy = -84.013111664154, err_energy =  7.9351e-02
iter =  20, elec_energy = -83.957015055899, err_energy =  5.6097e-02
iter =  21, elec_energy = -83.996669432447, err_energy =  3.9654e-02
iter =  22, elec_energy = -83.968636747708, err_energy =  2.8033e-02
iter =  23, elec_energy = -83.988453084450, err_energy =  1.9816e-02
iter =  24, elec_energy = -83.974444550703, err_energy =  1.4009e-02
iter =  25, elec_energy = -83.984347256722, err_energy =  9.9027e-03
iter =  26, elec_energy = -83.977346886629, err_energy =  7.0004e-03
iter =  27, elec_energy = -83.982295501589, err_energy =  4.9486e-03
iter =  28, elec_energy = -83.978797261530, err_energy =  3.4982e-03
iter =  29, elec_energy = -83.981270198771, err_energy =  2.4729e-03
iter =  30, elec_energy = -83.979522049940, err_energy =  1.7481e-03
iter =  31, elec_energy = -83.980757833324, err_energy =  1.2358e-03
iter =  32, elec_energy = -83.979884244014, err_energy =  8.7359e-04
iter =  33, elec_energy = -83.980501793145, err_energy =  6.1755e-04
iter =  34, elec_energy = -83.980065240844, err_energy =  4.3655e-04
iter =  35, elec_energy = -83.980373844188, err_energy =  3.0860e-04
iter =  36, elec_energy = -83.980155689130, err_energy =  2.1816e-04
iter =  37, elec_energy = -83.980309905229, err_energy =  1.5422e-04
iter =  38, elec_energy = -83.980200888207, err_energy =  1.0902e-04
iter =  39, elec_energy = -83.980277953492, err_energy =  7.7065e-05
iter =  40, elec_energy = -83.980223475216, err_energy =  5.4478e-05
iter =  41, elec_energy = -83.980261986487, err_energy =  3.8511e-05
iter =  42, elec_energy = -83.980234762458, err_energy =  2.7224e-05
iter =  43, elec_energy = -83.980254007413, err_energy =  1.9245e-05
iter =  44, elec_energy = -83.980240402949, err_energy =  1.3604e-05
iter =  45, elec_energy = -83.980250020089, err_energy =  9.6171e-06
iter =  46, elec_energy = -83.980243221630, err_energy =  6.7985e-06
iter =  47, elec_energy = -83.980248027533, err_energy =  4.8059e-06
iter =  48, elec_energy = -83.980244630189, err_energy =  3.3973e-06
iter =  49, elec_energy = -83.980247031808, err_energy =  2.4016e-06
iter =  50, elec_energy = -83.980245334078, err_energy =  1.6977e-06
iter =  51, elec_energy = -83.980246534221, err_energy =  1.2001e-06
iter =  52, elec_energy = -83.980245685827, err_energy =  8.4839e-07
iter =  53, elec_energy = -83.980246285566, err_energy =  5.9974e-07
iter =  54, elec_energy = -83.980245861604, err_energy =  4.2396e-07
iter =  55, elec_energy = -83.980246161307, err_energy =  2.9970e-07
iter =  56, elec_energy = -83.980245949444, err_energy =  2.1186e-07
iter =  57, elec_energy = -83.980246099213, err_energy =  1.4977e-07
iter =  58, elec_energy = -83.980245993340, err_energy =  1.0587e-07
iter =  59, elec_energy = -83.980246068182, err_energy =  7.4843e-08
iter =  60, elec_energy = -83.980246015275, err_energy =  5.2907e-08
iter =  61, elec_energy = -83.980246052676, err_energy =  3.7401e-08
iter =  62, elec_energy = -83.980246026237, err_energy =  2.6439e-08
iter =  63, elec_energy = -83.980246044927, err_energy =  1.8690e-08
iter =  64, elec_energy = -83.980246031715, err_energy =  1.3212e-08
iter =  65, elec_energy = -83.980246041054, err_energy =  9.3397e-09
iter =  66, elec_energy = -83.980246034452, err_energy =  6.6023e-09
MP2 energy = -0.152709879086
