0 0 0 0 4.785065
1 0 0 0 0.741380
1 1 0 0 1.118947
1 0 1 0 0.136873
1 1 1 0 0.256633
1 1 1 1 0.817206
2 2 0 0 1.115814
3 3 0 0 1.115814
4 4 0 0 1.115814
2 0 2 0 0.024477
3 0 3 0 0.024477
4 0 4 0 0.024477
2 2 1 0 0.256684
3 3 1 0 0.256684
4 4 1 0 0.256684
2 1 2 0 0.037809
3 1 3 0 0.037809
4 1 4 0 0.037809
2 2 1 1 0.817023
3 3 1 1 0.817023
4 4 1 1 0.817023
2 1 2 1 0.180518
3 1 3 1 0.180518
4 1 4 1 0.180518
2 2 2 2 0.880159
3 2 3 2 0.047444
3 3 2 2 0.785270
3 3 3 3 0.880159
4 2 4 2 0.047444
4 3 4 3 0.047444
4 4 2 2 0.785270
4 4 3 3 0.785270
4 4 4 4 0.880159
5 0 0 0 0.121785
5 1 0 0 0.313334
5 0 1 0 0.022309
5 1 1 0 0.072840
5 0 1 1 0.041612
5 1 1 1 0.258884
5 2 0 0 0.183539
5 3 0 0 0.143396
5 0 2 0 0.000807
5 0 3 0 0.000631
5 2 1 0 0.043198
5 3 1 0 0.033750
5 1 2 0 0.004317
5 1 3 0 0.003373
5 0 2 1 0.001519
5 0 3 1 0.001187
5 2 1 1 0.163910
5 3 1 1 0.128061
5 1 2 1 0.033775
5 1 3 1 0.026388
5 2 2 0 0.009645
5 2 3 0 0.001745
5 3 2 0 0.001745
5 3 3 0 0.008775
5 4 4 0 0.007411
5 0 2 2 0.041686
5 0 3 2 0.000122
5 0 3 3 0.041625
5 0 4 4 0.041530
5 2 2 1 0.064012
5 2 3 1 0.015710
5 3 2 1 0.015710
5 3 3 1 0.056178
5 4 4 1 0.043905
5 1 2 2 0.262635
5 1 3 2 0.006469
5 1 3 3 0.259409
5 1 4 4 0.254355
5 2 2 2 0.175365
5 2 3 2 0.009283
5 2 3 3 0.159606
5 2 4 4 0.156573
5 3 2 2 0.126211
5 3 3 2 0.009945
5 3 3 3 0.135498
5 3 4 4 0.122328
5 4 4 2 0.006911
5 4 4 3 0.005400
5 5 0 0 0.470723
5 0 5 0 0.003683
5 5 1 0 0.111192
5 1 5 0 0.012122
5 5 1 1 0.454661
5 1 5 1 0.103817
5 5 2 0 0.008115
5 5 3 0 0.006340
5 2 5 0 0.007488
5 3 5 0 0.005850
5 5 2 1 0.088850
5 5 3 1 0.069417
5 2 5 1 0.079876
5 3 5 1 0.062406
5 5 2 2 0.469762
5 5 3 2 0.025792
5 5 3 3 0.456901
5 5 4 4 0.436750
5 2 5 2 0.075103
5 3 5 2 0.047460
5 3 5 3 0.051437
5 4 5 4 0.014357
5 5 5 0 0.018641
5 5 5 1 0.235421
5 5 5 2 0.206690
5 5 5 3 0.161484
5 5 5 5 0.774606
6 0 0 0 0.121785
6 1 0 0 0.313334
6 0 1 0 0.022309
6 1 1 0 0.072840
6 0 1 1 0.041612
6 1 1 1 0.258884
6 2 0 0 -0.183539
6 3 0 0 0.143396
6 0 2 0 -0.000807
6 0 3 0 0.000631
6 2 1 0 -0.043198
6 3 1 0 0.033750
6 1 2 0 -0.004317
6 1 3 0 0.003373
6 0 2 1 -0.001519
6 0 3 1 0.001187
6 2 1 1 -0.163910
6 3 1 1 0.128061
6 1 2 1 -0.033775
6 1 3 1 0.026388
6 2 2 0 0.009645
6 2 3 0 -0.001745
6 3 2 0 -0.001745
6 3 3 0 0.008775
6 4 4 0 0.007411
6 0 2 2 0.041686
6 0 3 2 -0.000122
6 0 3 3 0.041625
6 0 4 4 0.041530
6 2 2 1 0.064012
6 2 3 1 -0.015710
6 3 2 1 -0.015710
6 3 3 1 0.056178
6 4 4 1 0.043905
6 1 2 2 0.262635
6 1 3 2 -0.006469
6 1 3 3 0.259409
6 1 4 4 0.254355
6 2 2 2 -0.175365
6 2 3 2 0.009283
6 2 3 3 -0.159606
6 2 4 4 -0.156573
6 3 2 2 0.126211
6 3 3 2 -0.009945
6 3 3 3 0.135498
6 3 4 4 0.122328
6 4 4 2 -0.006911
6 4 4 3 0.005400
6 5 0 0 0.105864
6 0 5 0 0.003626
6 5 1 0 0.024848
6 1 5 0 0.011738
6 0 5 1 0.011738
6 5 1 1 0.096193
6 1 5 1 0.082805
6 5 3 0 0.001780
6 2 5 0 -0.006662
6 3 5 0 0.005671
6 0 5 2 0.006662
6 0 5 3 0.005671
6 5 3 1 0.016738
6 2 5 1 -0.044242
6 3 5 1 0.048361
6 1 5 2 0.044242
6 1 5 3 0.048361
6 5 2 2 0.095807
6 5 3 3 0.098762
6 5 4 4 0.093904
6 2 5 2 -0.013100
6 2 5 3 -0.025320
6 3 5 2 0.025320
6 3 5 3 0.038858
6 4 5 4 0.011034
6 5 5 0 0.004092
6 0 5 5 0.017891
6 5 5 1 0.038415
6 1 5 5 0.151925
6 5 5 2 0.025685
6 5 5 3 0.025974
6 2 5 5 -0.073615
6 3 5 5 0.096752
6 5 5 5 0.091354
6 6 0 0 0.470723
6 0 6 0 0.003683
6 6 1 0 0.111192
6 1 6 0 0.012122
6 6 1 1 0.454661
6 1 6 1 0.103817
6 6 2 0 -0.008115
6 6 3 0 0.006340
6 2 6 0 -0.007488
6 3 6 0 0.005850
6 6 2 1 -0.088850
6 6 3 1 0.069417
6 2 6 1 -0.079876
6 3 6 1 0.062406
6 6 2 2 0.469762
6 6 3 2 -0.025792
6 6 3 3 0.456901
6 6 4 4 0.436750
6 2 6 2 0.075103
6 3 6 2 -0.047460
6 3 6 3 0.051437
6 4 6 4 0.014357
6 6 5 0 0.017891
6 5 6 0 0.004092
6 6 5 1 0.151925
6 5 6 1 0.038415
6 6 5 2 0.073615
6 6 5 3 0.096752
6 5 6 2 -0.025685
6 5 6 3 0.025974
6 6 5 5 0.302538
6 5 6 5 0.017861
6 6 6 0 0.018641
6 6 6 1 0.235421
6 6 6 2 -0.206690
6 6 6 3 0.161484
6 6 6 5 0.091354
6 6 6 6 0.774606
Number of basis functions: 7
Integrals:
        1  0.236704        -0        -0        -0 0.0384056 0.0384056
 0.236704         1         0        -0         0  0.386139  0.386139
       -0         0         1        -0         0  0.268438 -0.268438
       -0        -0        -0         1        -0  0.209727  0.209727
       -0         0         0        -0         1        -0        -0
0.0384056  0.386139  0.268438  0.209727        -0         1   0.18176
0.0384056  0.386139 -0.268438  0.209727        -0   0.18176         1
  -32.5774   -7.57883          0 -0.0144738          0    -1.2401    -1.2401
  -7.57883   -9.20094          0   -0.17689          0   -2.90671   -2.90671
         0          0   -7.45882          0          0   -1.67515    1.67515
-0.0144738   -0.17689          0   -7.41531          0   -1.35687   -1.35687
         0          0          0          0   -7.34714          0      1e-15
   -1.2401   -2.90671   -1.67515   -1.35687          0   -4.54017   -1.07115
   -1.2401   -2.90671    1.67515   -1.35687      1e-15   -1.07115   -4.54017
Integral element: 0.0248476
Integral element: 0.0248476
Integral element: 0.0248476
Reference value: 0.0248476
